Copyright 1986-2022 Xilinx, Inc. All Rights Reserved. Copyright 2022-2023 Advanced Micro Devices, Inc. All Rights Reserved.
---------------------------------------------------------------------------------------------------------------------------------------------------
| Tool Version : Vivado v.2023.1 (win64) Build 3865809 Sun May  7 15:05:29 MDT 2023
| Date         : Thu Nov 14 14:34:51 2024
| Host         : DESKTOP-S07ATB7 running 64-bit major release  (build 9200)
| Command      : report_drc -file mpsoc_preset_wrapper_drc_opted.rpt -pb mpsoc_preset_wrapper_drc_opted.pb -rpx mpsoc_preset_wrapper_drc_opted.rpx
| Design       : mpsoc_preset_wrapper
| Device       : xczu7ev-ffvc1156-2-e
| Speed File   : -2
| Design State : Synthesized
---------------------------------------------------------------------------------------------------------------------------------------------------

Report DRC

Table of Contents
-----------------
1. REPORT SUMMARY
2. REPORT DETAILS

1. REPORT SUMMARY
-----------------
            Netlist: netlist
          Floorplan: design_1
      Design limits: <entire design considered>
           Ruledeck: default
             Max violations: <unlimited>
             Violations found: 15
+--------+----------+------------------------+------------+
| Rule   | Severity | Description            | Violations |
+--------+----------+------------------------+------------+
| DPIP-2 | Warning  | Input pipelining       | 3          |
| DPOP-3 | Warning  | PREG Output pipelining | 5          |
| DPOP-4 | Warning  | MREG Output pipelining | 7          |
+--------+----------+------------------------+------------+

2. REPORT DETAILS
-----------------
DPIP-2#1 Warning
Input pipelining  
DSP mpsoc_preset_i/v_tpg_0/inst/grp_v_tpgHlsDataFlow_fu_313/tpgBackground_U0/grp_tpgBackground_Pipeline_VITIS_LOOP_520_2_fu_432/add_ln1257_3_fu_4181_p2 input mpsoc_preset_i/v_tpg_0/inst/grp_v_tpgHlsDataFlow_fu_313/tpgBackground_U0/grp_tpgBackground_Pipeline_VITIS_LOOP_520_2_fu_432/add_ln1257_3_fu_4181_p2/C[47:0] is not pipelined. Pipelining DSP48 input will improve performance.
Related violations: <none>

DPIP-2#2 Warning
Input pipelining  
DSP mpsoc_preset_i/v_tpg_0/inst/grp_v_tpgHlsDataFlow_fu_313/tpgBackground_U0/grp_tpgBackground_Pipeline_VITIS_LOOP_520_2_fu_432/mac_muladd_16ns_8ns_23ns_24_4_1_U22/mpsoc_preset_v_tpg_0_0_mac_muladd_16ns_8ns_23ns_24_4_1_DSP48_5_U/p_reg_reg input mpsoc_preset_i/v_tpg_0/inst/grp_v_tpgHlsDataFlow_fu_313/tpgBackground_U0/grp_tpgBackground_Pipeline_VITIS_LOOP_520_2_fu_432/mac_muladd_16ns_8ns_23ns_24_4_1_U22/mpsoc_preset_v_tpg_0_0_mac_muladd_16ns_8ns_23ns_24_4_1_DSP48_5_U/p_reg_reg/C[47:0] is not pipelined. Pipelining DSP48 input will improve performance.
Related violations: <none>

DPIP-2#3 Warning
Input pipelining  
DSP mpsoc_preset_i/v_tpg_0/inst/grp_v_tpgHlsDataFlow_fu_313/tpgBackground_U0/grp_tpgBackground_Pipeline_VITIS_LOOP_520_2_fu_432/mac_muladd_16s_16s_16ns_16_4_1_U18/mpsoc_preset_v_tpg_0_0_mac_muladd_16s_16s_16ns_16_4_1_DSP48_1_U/p_reg_reg input mpsoc_preset_i/v_tpg_0/inst/grp_v_tpgHlsDataFlow_fu_313/tpgBackground_U0/grp_tpgBackground_Pipeline_VITIS_LOOP_520_2_fu_432/mac_muladd_16s_16s_16ns_16_4_1_U18/mpsoc_preset_v_tpg_0_0_mac_muladd_16s_16s_16ns_16_4_1_DSP48_1_U/p_reg_reg/C[47:0] is not pipelined. Pipelining DSP48 input will improve performance.
Related violations: <none>

DPOP-3#1 Warning
PREG Output pipelining  
DSP mpsoc_preset_i/v_tpg_0/inst/grp_v_tpgHlsDataFlow_fu_313/tpgBackground_U0/grp_tpgBackground_Pipeline_VITIS_LOOP_520_2_fu_432/mul_11ns_13ns_23_1_1_U10/tmp_product output mpsoc_preset_i/v_tpg_0/inst/grp_v_tpgHlsDataFlow_fu_313/tpgBackground_U0/grp_tpgBackground_Pipeline_VITIS_LOOP_520_2_fu_432/mul_11ns_13ns_23_1_1_U10/tmp_product/P[47:0] is not pipelined (PREG=0). Pipelining the DSP48 output will improve performance and often saves power so it is suggested whenever possible to fully pipeline this function.  If this DSP48 function was inferred, it is suggested to describe an additional register stage after this function.  If the DSP48 was instantiated in the design, it is suggested to set the PREG attribute to 1.
Related violations: <none>

DPOP-3#2 Warning
PREG Output pipelining  
DSP mpsoc_preset_i/v_tpg_0/inst/grp_v_tpgHlsDataFlow_fu_313/tpgBackground_U0/grp_tpgBackground_Pipeline_VITIS_LOOP_520_2_fu_432/mul_11ns_13ns_23_1_1_U7/tmp_product output mpsoc_preset_i/v_tpg_0/inst/grp_v_tpgHlsDataFlow_fu_313/tpgBackground_U0/grp_tpgBackground_Pipeline_VITIS_LOOP_520_2_fu_432/mul_11ns_13ns_23_1_1_U7/tmp_product/P[47:0] is not pipelined (PREG=0). Pipelining the DSP48 output will improve performance and often saves power so it is suggested whenever possible to fully pipeline this function.  If this DSP48 function was inferred, it is suggested to describe an additional register stage after this function.  If the DSP48 was instantiated in the design, it is suggested to set the PREG attribute to 1.
Related violations: <none>

DPOP-3#3 Warning
PREG Output pipelining  
DSP mpsoc_preset_i/v_tpg_0/inst/grp_v_tpgHlsDataFlow_fu_313/tpgBackground_U0/grp_tpgBackground_Pipeline_VITIS_LOOP_520_2_fu_432/mul_11ns_13ns_23_1_1_U8/tmp_product output mpsoc_preset_i/v_tpg_0/inst/grp_v_tpgHlsDataFlow_fu_313/tpgBackground_U0/grp_tpgBackground_Pipeline_VITIS_LOOP_520_2_fu_432/mul_11ns_13ns_23_1_1_U8/tmp_product/P[47:0] is not pipelined (PREG=0). Pipelining the DSP48 output will improve performance and often saves power so it is suggested whenever possible to fully pipeline this function.  If this DSP48 function was inferred, it is suggested to describe an additional register stage after this function.  If the DSP48 was instantiated in the design, it is suggested to set the PREG attribute to 1.
Related violations: <none>

DPOP-3#4 Warning
PREG Output pipelining  
DSP mpsoc_preset_i/v_tpg_0/inst/grp_v_tpgHlsDataFlow_fu_313/tpgBackground_U0/grp_tpgBackground_Pipeline_VITIS_LOOP_520_2_fu_432/mul_16ns_6ns_21_1_1_U14/tmp_product output mpsoc_preset_i/v_tpg_0/inst/grp_v_tpgHlsDataFlow_fu_313/tpgBackground_U0/grp_tpgBackground_Pipeline_VITIS_LOOP_520_2_fu_432/mul_16ns_6ns_21_1_1_U14/tmp_product/P[47:0] is not pipelined (PREG=0). Pipelining the DSP48 output will improve performance and often saves power so it is suggested whenever possible to fully pipeline this function.  If this DSP48 function was inferred, it is suggested to describe an additional register stage after this function.  If the DSP48 was instantiated in the design, it is suggested to set the PREG attribute to 1.
Related violations: <none>

DPOP-3#5 Warning
PREG Output pipelining  
DSP mpsoc_preset_i/v_tpg_0/inst/grp_v_tpgHlsDataFlow_fu_313/tpgBackground_U0/grp_tpgBackground_Pipeline_VITIS_LOOP_520_2_fu_432/mul_20s_9ns_28_1_1_U15/tmp_product output mpsoc_preset_i/v_tpg_0/inst/grp_v_tpgHlsDataFlow_fu_313/tpgBackground_U0/grp_tpgBackground_Pipeline_VITIS_LOOP_520_2_fu_432/mul_20s_9ns_28_1_1_U15/tmp_product/P[47:0] is not pipelined (PREG=0). Pipelining the DSP48 output will improve performance and often saves power so it is suggested whenever possible to fully pipeline this function.  If this DSP48 function was inferred, it is suggested to describe an additional register stage after this function.  If the DSP48 was instantiated in the design, it is suggested to set the PREG attribute to 1.
Related violations: <none>

DPOP-4#1 Warning
MREG Output pipelining  
DSP mpsoc_preset_i/v_tpg_0/inst/grp_v_tpgHlsDataFlow_fu_313/tpgBackground_U0/grp_tpgBackground_Pipeline_VITIS_LOOP_520_2_fu_432/add_ln1257_3_fu_4181_p2 multiplier stage mpsoc_preset_i/v_tpg_0/inst/grp_v_tpgHlsDataFlow_fu_313/tpgBackground_U0/grp_tpgBackground_Pipeline_VITIS_LOOP_520_2_fu_432/add_ln1257_3_fu_4181_p2/P[47:0] is not pipelined (MREG=0). Pipelining the multiplier function will improve performance and will save significant power so it is suggested whenever possible to fully pipeline this function.  If this multiplier was inferred, it is suggested to describe an additional register stage after this function.  If there is no registered adder/accumulator following the multiply function, two pipeline stages are suggested to allow both the MREG and PREG registers to be used.  If the DSP48 was instantiated in the design, it is suggested to set both the MREG and PREG attributes to 1 when performing multiply functions.
Related violations: <none>

DPOP-4#2 Warning
MREG Output pipelining  
DSP mpsoc_preset_i/v_tpg_0/inst/grp_v_tpgHlsDataFlow_fu_313/tpgBackground_U0/grp_tpgBackground_Pipeline_VITIS_LOOP_520_2_fu_432/mac_muladd_16ns_6s_24s_24_4_1_U21/mpsoc_preset_v_tpg_0_0_mac_muladd_16ns_6s_24s_24_4_1_DSP48_4_U/p_reg_reg multiplier stage mpsoc_preset_i/v_tpg_0/inst/grp_v_tpgHlsDataFlow_fu_313/tpgBackground_U0/grp_tpgBackground_Pipeline_VITIS_LOOP_520_2_fu_432/mac_muladd_16ns_6s_24s_24_4_1_U21/mpsoc_preset_v_tpg_0_0_mac_muladd_16ns_6s_24s_24_4_1_DSP48_4_U/p_reg_reg/P[47:0] is not pipelined (MREG=0). Pipelining the multiplier function will improve performance and will save significant power so it is suggested whenever possible to fully pipeline this function.  If this multiplier was inferred, it is suggested to describe an additional register stage after this function.  If there is no registered adder/accumulator following the multiply function, two pipeline stages are suggested to allow both the MREG and PREG registers to be used.  If the DSP48 was instantiated in the design, it is suggested to set both the MREG and PREG attributes to 1 when performing multiply functions.
Related violations: <none>

DPOP-4#3 Warning
MREG Output pipelining  
DSP mpsoc_preset_i/v_tpg_0/inst/grp_v_tpgHlsDataFlow_fu_313/tpgBackground_U0/grp_tpgBackground_Pipeline_VITIS_LOOP_520_2_fu_432/mul_11ns_13ns_23_1_1_U10/tmp_product multiplier stage mpsoc_preset_i/v_tpg_0/inst/grp_v_tpgHlsDataFlow_fu_313/tpgBackground_U0/grp_tpgBackground_Pipeline_VITIS_LOOP_520_2_fu_432/mul_11ns_13ns_23_1_1_U10/tmp_product/P[47:0] is not pipelined (MREG=0). Pipelining the multiplier function will improve performance and will save significant power so it is suggested whenever possible to fully pipeline this function.  If this multiplier was inferred, it is suggested to describe an additional register stage after this function.  If there is no registered adder/accumulator following the multiply function, two pipeline stages are suggested to allow both the MREG and PREG registers to be used.  If the DSP48 was instantiated in the design, it is suggested to set both the MREG and PREG attributes to 1 when performing multiply functions.
Related violations: <none>

DPOP-4#4 Warning
MREG Output pipelining  
DSP mpsoc_preset_i/v_tpg_0/inst/grp_v_tpgHlsDataFlow_fu_313/tpgBackground_U0/grp_tpgBackground_Pipeline_VITIS_LOOP_520_2_fu_432/mul_11ns_13ns_23_1_1_U7/tmp_product multiplier stage mpsoc_preset_i/v_tpg_0/inst/grp_v_tpgHlsDataFlow_fu_313/tpgBackground_U0/grp_tpgBackground_Pipeline_VITIS_LOOP_520_2_fu_432/mul_11ns_13ns_23_1_1_U7/tmp_product/P[47:0] is not pipelined (MREG=0). Pipelining the multiplier function will improve performance and will save significant power so it is suggested whenever possible to fully pipeline this function.  If this multiplier was inferred, it is suggested to describe an additional register stage after this function.  If there is no registered adder/accumulator following the multiply function, two pipeline stages are suggested to allow both the MREG and PREG registers to be used.  If the DSP48 was instantiated in the design, it is suggested to set both the MREG and PREG attributes to 1 when performing multiply functions.
Related violations: <none>

DPOP-4#5 Warning
MREG Output pipelining  
DSP mpsoc_preset_i/v_tpg_0/inst/grp_v_tpgHlsDataFlow_fu_313/tpgBackground_U0/grp_tpgBackground_Pipeline_VITIS_LOOP_520_2_fu_432/mul_11ns_13ns_23_1_1_U8/tmp_product multiplier stage mpsoc_preset_i/v_tpg_0/inst/grp_v_tpgHlsDataFlow_fu_313/tpgBackground_U0/grp_tpgBackground_Pipeline_VITIS_LOOP_520_2_fu_432/mul_11ns_13ns_23_1_1_U8/tmp_product/P[47:0] is not pipelined (MREG=0). Pipelining the multiplier function will improve performance and will save significant power so it is suggested whenever possible to fully pipeline this function.  If this multiplier was inferred, it is suggested to describe an additional register stage after this function.  If there is no registered adder/accumulator following the multiply function, two pipeline stages are suggested to allow both the MREG and PREG registers to be used.  If the DSP48 was instantiated in the design, it is suggested to set both the MREG and PREG attributes to 1 when performing multiply functions.
Related violations: <none>

DPOP-4#6 Warning
MREG Output pipelining  
DSP mpsoc_preset_i/v_tpg_0/inst/grp_v_tpgHlsDataFlow_fu_313/tpgBackground_U0/grp_tpgBackground_Pipeline_VITIS_LOOP_520_2_fu_432/mul_16ns_6ns_21_1_1_U14/tmp_product multiplier stage mpsoc_preset_i/v_tpg_0/inst/grp_v_tpgHlsDataFlow_fu_313/tpgBackground_U0/grp_tpgBackground_Pipeline_VITIS_LOOP_520_2_fu_432/mul_16ns_6ns_21_1_1_U14/tmp_product/P[47:0] is not pipelined (MREG=0). Pipelining the multiplier function will improve performance and will save significant power so it is suggested whenever possible to fully pipeline this function.  If this multiplier was inferred, it is suggested to describe an additional register stage after this function.  If there is no registered adder/accumulator following the multiply function, two pipeline stages are suggested to allow both the MREG and PREG registers to be used.  If the DSP48 was instantiated in the design, it is suggested to set both the MREG and PREG attributes to 1 when performing multiply functions.
Related violations: <none>

DPOP-4#7 Warning
MREG Output pipelining  
DSP mpsoc_preset_i/v_tpg_0/inst/grp_v_tpgHlsDataFlow_fu_313/tpgBackground_U0/grp_tpgBackground_Pipeline_VITIS_LOOP_520_2_fu_432/mul_20s_9ns_28_1_1_U15/tmp_product multiplier stage mpsoc_preset_i/v_tpg_0/inst/grp_v_tpgHlsDataFlow_fu_313/tpgBackground_U0/grp_tpgBackground_Pipeline_VITIS_LOOP_520_2_fu_432/mul_20s_9ns_28_1_1_U15/tmp_product/P[47:0] is not pipelined (MREG=0). Pipelining the multiplier function will improve performance and will save significant power so it is suggested whenever possible to fully pipeline this function.  If this multiplier was inferred, it is suggested to describe an additional register stage after this function.  If there is no registered adder/accumulator following the multiply function, two pipeline stages are suggested to allow both the MREG and PREG registers to be used.  If the DSP48 was instantiated in the design, it is suggested to set both the MREG and PREG attributes to 1 when performing multiply functions.
Related violations: <none>


